         w __deregister_frame_info
         w __register_frame_info
         w userAppExit
         w userAppInit
00000000 00000802 B __ctru_dev_utf16_buf
00000000 b _TLS_MODULE_BASE_
00000000 a shift
00000000 a shift
00000804 00000401 B __ctru_dev_path_buf
00100000 A __start__
00100000 T _start
00100008 T __service_ptr
0010000c T __apt_appid
00100010 T __heap_size
00100014 T __linear_heap_size
00100018 T __system_arglist
0010001c T __system_runflags
00100020 t startup
00100058 t ClearMem
0010006c t ClrLoop
00100094 T _init
001000ac t .udivsi3_skip_div0_test
001000ac T __aeabi_uidiv
001000ac 000001ec T __udivsi3
00100298 00000020 T __aeabi_uidivmod
001002b8 T __aeabi_idiv
001002b8 00000220 T __divsi3
001002c0 t .divsi3_skip_div0_test
001004d8 00000020 T __aeabi_idivmod
001004f8 00000004 W __aeabi_idiv0
001004f8 00000004 W __aeabi_ldiv0
001004fc T __aeabi_drsub
00100504 000002b0 T __aeabi_dsub
00100504 000002b0 T __subdf3
00100508 000002ac T __adddf3
00100508 000002ac T __aeabi_dadd
001007b4 00000024 T __aeabi_ui2d
001007b4 00000024 T __floatunsidf
001007d8 00000028 T __aeabi_i2d
001007d8 00000028 T __floatsidf
00100800 00000048 T __aeabi_f2d
00100800 00000048 T __extendsfdf2
00100848 00000074 T __aeabi_ul2d
00100848 00000074 T __floatundidf
0010085c 00000060 T __aeabi_l2d
0010085c 00000060 T __floatdidf
001008bc T __aeabi_ldivmod
00100990 T __aeabi_uldivmod
001009e8 00000390 T strcmp
00100d70 t __do_global_dtors_aux
00100db0 t frame_dummy
00100ddc 000016a8 T main
00102484 00000044 t C2Di_FrameEndHook
001024c8 0000036c T C2D_Init
00102834 0000004c T C2D_Fini
00102880 000000b8 T C2D_Prepare
00102938 00000048 T C2D_Flush
00102980 00000104 T C2D_SceneSize
00102a84 00000058 T C2D_CreateScreenTarget
00102adc 00000064 T C2D_TargetClear
00102b40 0000013c T C2Di_CalcQuad
00102c7c 00000058 T C2Di_AppendQuad
00102cd4 00000550 T C2Di_Update
00103224 000002b0 T C2D_DrawImage
001034d4 000001dc T C2D_DrawLine
001036b0 0000006c T C2D_SpriteSheetLoadFromHandle
0010371c 00000048 T C2D_SpriteSheetLoad
00103764 00000028 T C2D_SpriteSheetFree
0010378c 00000008 T C2D_SpriteSheetCount
00103794 0000002c T C2D_SpriteSheetGetImage
001037c0 00000004 W C3Di_LightEnvUpdate
001037c4 00000004 W C3Di_LightEnvDirty
001037c8 000000b4 t C3Di_AptEventHook
0010387c 00000004 W C3Di_GasUpdate
00103880 000001e0 T C3D_Init
00103a60 00000098 T C3D_SetViewport
00103af8 000004e8 T C3Di_UpdateContext
00103fe0 000000e0 T C3Di_SplitFrame
001040c0 00000044 T C3D_Fini
00104104 00000114 T C3D_BindProgram
00104218 0000004c t onVBlank0
00104264 0000004c t onVBlank1
001042b0 00000080 t C3Di_RenderTargetDestroy
00104330 000000f4 t onQueueFinish
00104424 00000038 T C3Di_RenderQueueEnableVBlank
0010445c 00000030 T C3Di_RenderQueueDisableVBlank
0010448c 00000060 T C3Di_RenderQueueInit
001044ec 000000b0 T C3Di_RenderQueueExit
0010459c 00000034 T C3Di_RenderQueueWaitDone
001045d0 000000e4 T C3D_FrameBegin
001046b4 00000048 T C3D_FrameDrawOn
001046fc 00000058 T C3D_FrameSplit
00104754 000001d8 T C3D_FrameEnd
0010492c 0000001c T C3D_FrameEndHook
00104948 00000184 T C3D_RenderTargetCreate
00104acc 000000a8 T C3D_RenderTargetSetOutput
00104b74 000000fc T C3D_SyncTextureCopy
00104c70 00000294 T C3D_TexInitWithParams
00104f04 000000c8 T C3D_TexLoadImage
00104fcc 00000044 T C3D_TexBind
00105010 00000074 T C3D_TexDelete
00105084 0000016c T C3Di_SetTex
001051f0 000003f4 t Tex3DSi_ImportCommon
001055e4 00000038 T Tex3DS_TextureImportStdio
0010561c 00000008 T Tex3DS_GetNumSubTextures
00105624 0000001c T Tex3DS_GetSubTexture
00105640 00000004 T Tex3DS_TextureFree
00105644 0000001c T C3D_CalcColorBufSize
00105660 0000001c T C3D_CalcDepthBufSize
0010567c 00000044 T C3D_SetFrameBuf
001056c0 0000016c T C3Di_FrameBufBind
0010582c 000000c8 T C3D_FrameBufClear
001058f4 00000044 T C3D_FrameBufTransfer
00105938 00000034 T C3D_GetTexEnv
0010596c 00000024 T C3Di_TexEnvBind
00105990 00000218 T C3D_DrawElements
00105ba8 00000070 T C3D_ProcTexInit
00105c18 00000054 T C3D_ProcTexBind
00105c6c 0000005c T C3D_ProcTexLutBind
00105cc8 000000a4 T ProcTexLut_FromArray
00105d6c 0000017c T C3Di_ProcTexUpdate
00105ee8 00000068 T C3Di_ProcTexDirty
00105f50 00000024 T BufInfo_Init
00105f74 00000080 T BufInfo_Add
00105ff4 00000040 T C3D_SetBufInfo
00106034 00000048 T C3Di_BufInfoBind
0010607c 00000040 T C3D_DepthMap
001060bc 0000001c T C3D_CullFace
001060d8 00000040 T C3D_StencilTest
00106118 00000024 T C3D_StencilOp
0010613c 0000001c T C3D_BlendingColor
00106158 00000024 T C3D_EarlyDepthTest
0010617c 0000002c T C3D_DepthTest
001061a8 0000002c T C3D_AlphaTest
001061d4 00000050 T C3D_AlphaBlend
00106224 00000030 T C3D_FragOpMode
00106254 00000044 T C3D_FragOpShadow
00106298 000001ac T C3Di_EffectBind
00106444 00000028 T AttrInfo_Init
0010646c 00000094 T AttrInfo_AddLoader
00106500 00000054 T C3D_SetAttrInfo
00106554 00000080 T C3Di_AttrInfoBind
001065d4 000000a8 T C3D_ImmSendAttrib
0010667c 00000280 T C3D_UpdateUniforms
001068fc 000000c0 T C3Di_DirtyUniforms
001069bc 000000d8 T C3Di_LoadShaderUniforms
00106a94 00000028 T C3Di_ClearShaderUniforms
00106abc 000000cc T Mtx_Ortho
00106b88 000000cc T Mtx_OrthoTilt
00106c54 00000024 t addrMapNodeComparator(rbtree_node const*, rbtree_node const*)
00106c78 00000004 t addrMapNodeDestructor(rbtree_node*)
00106c7c 00000250 T vramMemAlignAt
00106ecc 0000000c T vramAlloc
00106ed8 0000000c T vramAllocAt
00106ee4 00000090 T vramFree
00106f74 00000024 t addrMapNodeComparator(rbtree_node const*, rbtree_node const*)
00106f98 00000004 t addrMapNodeDestructor(rbtree_node*)
00106f9c 00000120 T linearMemAlign
001070bc 00000008 T linearAlloc
001070c4 0000005c T linearFree
00107120 00000080 T MemPool::CoalesceRight(MemBlock*)
001071a0 0000016c T MemPool::Allocate(MemChunk&, unsigned long, int)
0010730c 000000fc T MemPool::Deallocate(MemChunk const&)
00107408 00000030 T MemPool::GetFreeSpace()
00107438 00000008 t romfs_close
00107440 000000c0 t romfs_seek
00107500 00000024 t romfs_dirreset
00107524 000000c8 t fill_dir
001075ec 0000028c t romfs_dirnext
00107878 00000084 t romfs_free
001078fc 000000d4 t searchForFile.constprop.0
001079d0 000000d8 t searchForDir.constprop.0
00107aa8 000001c0 t navigateToDir.constprop.0
00107c68 0000010c t romfs_open
00107d74 0000004c t romfs_chdir
00107dc0 00000070 t romfs_diropen
00107e30 00000174 t romfs_stat
00107fa4 00000008 t romfs_dirclose
00107fb0 00000084 t romfs_fstat
00108034 000000d0 t romfs_read
00108104 0000028c T romfsMountFromFile
00108390 00000098 T romfsMountFromCurrentProcess
00108428 00000260 T romfsMountSelf
00108688 000000a0 T romfsUnmount
00108728 00000074 T osConvertVirtToPhys
0010879c 00000054 T osGetTimeRef
001087f0 000000ec T osGetTime
001088dc 00000034 T __ctru_speedup_config
00108910 000001e8 t parseColor
00108af8 000001ac T consoleDrawChar
00108ca4 00000124 T consolePrintChar
00108dc8 00000b94 T con_write
0010995c 000000fc t newRow
00109a58 00000170 T consoleInit
00109bc8 000000d0 t gfxPresentFramebuffer
00109c98 0000001c T gfxIsWide
00109cb4 000000ec T gfxSetScreenFormat
00109da0 00000010 T gfxSetDoubleBuffering
00109db0 000000e0 T gfxInit
00109e90 00000010 T gfxInitDefault
00109ea0 000000b4 T gfxExit
00109f54 000000a0 T gfxGetFramebuffer
00109ff4 00000104 T gfxFlushBuffers
0010a0f8 00000030 T gfxScreenSwapBuffers
0010a128 00000050 T gfxSwapBuffersGpu
0010a178 000001d4 T shaderInstanceInit
0010a34c 00000018 T shaderInstanceGetUniformLocation
0010a364 0000001c T shaderProgramInit
0010a380 00000064 T shaderProgramFree
0010a3e4 00000080 T shaderProgramSetVsh
0010a464 000008e0 T shaderProgramConfigure
0010ad44 000001cc t DVLE_GenerateOutmap.part.0
0010af10 000001b4 T DVLB_ParseFile
0010b0c4 00000038 T DVLB_Free
0010b0fc 00000074 T DVLE_GetUniformRegister
0010b170 00000010 T GX_BindQueue
0010b180 00000078 T GX_ProcessCommandList
0010b1f8 00000074 T GX_MemoryFill
0010b26c 00000070 T GX_DisplayTransfer
0010b2dc 00000074 T GX_TextureCopy
0010b350 00000068 t gxCmdQueueDoCommands.part.0
0010b3b8 000000c8 T gxCmdQueueInterrupt
0010b480 0000004c T gxCmdQueueClear
0010b4cc 000000f8 T gxCmdQueueAdd
0010b5c4 00000080 T gxCmdQueueRun
0010b644 00000060 T gxCmdQueueStop
0010b6a4 00000074 T gxCmdQueueWait
0010b718 0000013c T GPUCMD_Add
0010b854 000000b0 T GPUCMD_Split
0010b904 00000034 T f32tof16
0010b938 00000034 T f32tof24
0010b96c 00000038 T f32tof31
0010b9a4 00000c58 t gspHardwareInit
0010c5fc 00000248 T gspInit
0010c844 000000f0 T gspExit
0010c934 00000010 T gspHasGpuRight
0010c944 000000a0 T gspPresentBuffer
0010c9e4 00000030 T gspSetEventCallback
0010ca14 00000044 T gspWaitForEvent
0010ca58 0000004c T gspWaitForAnyEvent
0010caa4 00000158 t gspEventThreadMain
0010cbfc 00000130 T gspSubmitGxCommand
0010cd2c 00000050 T GSPGPU_FlushDataCache
0010cd7c 00000034 T GSPGPU_SetLcdForceBlack
0010cdb0 00000068 T GSPGPU_AcquireRight
0010ce18 00000048 T GSPGPU_ReleaseRight
0010ce60 0000007c T GSPGPU_ImportDisplayCaptureInfo
0010cedc 0000002c T GSPGPU_SaveVramSysArea
0010cf08 0000002c T GSPGPU_RestoreVramSysArea
0010cf34 00000024 W hidShouldUseIrrst
0010cf58 0000018c T hidInit
0010d0e4 000000e8 T hidExit
0010d1cc 000002a4 T hidScanInput
0010d470 00000010 T hidKeysHeld
0010d480 00000010 T hidKeysDown
0010d490 000001a4 t aptConvertScreenForCapture
0010d634 00000008 W aptDspSleep
0010d63c 00000004 W aptDspWakeup
0010d640 00000004 W aptDspCancel
0010d644 00000158 T aptSendCommand
0010d7a0 00000044 t aptExitProcess
0010d7e4 0000038c T aptExit
0010db70 000000e0 T aptHandleSleep
0010dc50 00000030 T aptHook
0010dc80 00000030 T aptUnhook
0010dcb0 00000084 T APT_SleepIfShellClosed
0010dd34 00000084 T aptSetSleepAllowed
0010ddb8 00000084 T APT_UnlockTransition
0010de40 000004a4 t aptEventHandler
0010e2e4 000000b0 T APT_ReceiveParameter
0010e394 000000b0 t aptReceiveParameter.constprop.0
0010e448 000002ac t aptScreenTransfer
0010e6f4 00000344 t aptWaitForWakeUp.isra.0
0010ea38 00000100 T aptJumpToHomeMenu
0010eb38 00000048 T aptMainLoop
0010eb80 0000022c T aptInit
0010edac 0000007c T APT_CheckNew3DS
0010ee28 00000074 T ptmSysmInit
0010ee9c 0000003c T ptmSysmExit
0010eed8 00000034 T PTMSYSM_ConfigureNew3DSCPU
0010ef0c 000000cc T fsInit
0010efd8 0000003c T fsExit
0010f014 00000060 T fsExemptFromSession
0010f074 00000050 T fsUnexemptFromSession
0010f0c4 000000cc T FSUSER_OpenFile
0010f190 000000d4 T FSUSER_OpenFileDirectly
0010f264 000000bc T FSUSER_DeleteFile
0010f320 000000f8 T FSUSER_RenameFile
0010f418 000000bc T FSUSER_DeleteDirectory
0010f4d4 000000d4 T FSUSER_CreateFile
0010f5a8 000000c4 T FSUSER_CreateDirectory
0010f66c 000000f8 T FSUSER_RenameDirectory
0010f764 000000b4 T FSUSER_OpenDirectory
0010f818 00000098 T FSUSER_OpenArchive
0010f8b0 0000008c T FSUSER_CloseArchive
0010f93c 00000074 T FSUSER_GetSdmcArchiveResource
0010f9b0 00000064 T FSUSER_IsSdmcWritable
0010fa14 00000058 T FSFILE_Read
0010fa6c 00000060 T FSFILE_Write
0010facc 0000003c T FSFILE_GetSize
0010fb08 00000028 T FSFILE_SetSize
0010fb30 0000003c T FSFILE_Close
0010fb6c 00000024 T FSFILE_Flush
0010fb90 00000050 T FSDIR_Read
0010fbe0 0000003c T FSDIR_Close
0010fc1c 000000c4 t buffer_read
0010fce0 000000d0 t iov_read
0010fdb0 00000138 t iov_memmove
0010fee8 000001dc t decompress_rle
001100c4 00000244 t decompress_lzss
00110308 00000424 t decompress_lz11
0011072c 000002d8 t decompress_huff
00110a04 00000010 T decompressCallback_Stdio
00110a14 000000dc T decompressHeader
00110af0 00000240 T decompressV
00110d30 00000010 T rbtree_init
00110d40 000001b4 t do_insert
00110ef4 00000008 T rbtree_insert
00110efc 00000090 T rbtree_rotate
00110f8c 00000318 T rbtree_remove
001112a4 00000074 T rbtree_find
00111318 000000c0 T utf8_to_utf16
001113d8 0000013c T decode_utf8
00111514 000000e8 T utf16_to_utf8
00111600 000001e0 W __system_allocateHeaps
001117e0 00000038 W __libctru_init
00111818 00000170 W __system_initArgv
00111988 T svcControlMemory
001119a8 T svcQueryMemory
001119d8 T svcExitProcess
001119e0 T svcCreateThread
00111a00 T svcExitThread
00111a08 T svcSleepThread
00111a10 T svcReleaseMutex
00111a18 T svcCreateEvent
00111a2c T svcSignalEvent
00111a34 T svcClearEvent
00111a3c T svcMapMemoryBlock
00111a44 T svcUnmapMemoryBlock
00111a4c T svcCreateAddressArbiter
00111a60 T svcArbitrateAddressNoTimeout
00111a68 T svcCloseHandle
00111a70 T svcWaitSynchronization
00111a78 T svcWaitSynchronizationN
00111aa0 T svcDuplicateHandle
00111ab4 T svcGetSystemTick
00111abc T svcConnectToPort
00111ad0 T svcSendSyncRequest
00111ad8 T svcGetResourceLimit
00111aec T svcGetResourceLimitLimitValues
00111af4 T svcGetResourceLimitCurrentValues
00111afc T svcBreak
00111b04 W initSystem
00111b54 W __ctru_exit
00111b6c T __aeabi_read_tp
00111b78 00000084 W envGetHandle
00111bfc 00000050 W envDestroyHandles
00111c4c 0000000c T __sync_init
00111c58 00000018 T __sync_fini
00111c70 0000002c T syncArbitrateAddress
00111c9c 000000b0 T LightLock_Lock
00111d4c 00000040 T LightLock_Unlock
00111d8c 00000030 T RecursiveLock_Lock
00111dbc 00000054 T RecursiveLock_Unlock
00111e10 00000040 T LightEvent_Init
00111e50 000000a4 T LightEvent_Clear
00111ef4 000000c8 T LightEvent_Signal
00111fbc 00000050 T LightEvent_TryWait
0011200c 000000b0 T LightEvent_Wait
001120bc 00000130 T srvInit
001121ec 00000058 T srvExit
00112244 00000060 T srvEnableNotification
001122a4 000000a0 T srvGetServiceHandleDirect
00112344 00000038 T srvGetServiceHandle
0011237c 00000034 T srvSubscribe
001123b0 00000060 T srvReceiveNotification
00112410 00000038 T srvPublishToSubscriber
00112448 000001d4 T threadCreate
0011261c 0000002c T threadFree
00112648 00000024 T threadJoin
0011266c 00000030 T threadGetCurrent
0011269c 00000040 T threadExit
001126dc 00000020 t _thread_begin
001126fc 000000b4 t mappableFindAddressWithin
001127b0 00000028 T mappableInit
001127d8 00000080 T mappableAlloc
00112858 00000004 T mappableFree
0011285c 00000164 T irrstInit
001129c0 000000cc T irrstExit
00112a8c 000000b4 T irrstScanInput
00112b40 00000024 T irrstKeysHeld
00112b64 0000000c T srvPmGetSessionHandle
00112b70 0000005c T rbtree_node_next
00112bcc 00000054 T encode_utf16
00112c20 000000e0 T encode_utf8
00112d00 00000064 T decode_utf16
00112d64 00000030 W __appInit
00112d94 00000030 T __syscall_getreent
00112dc4 00000064 T __syscall_gettod_r
00112e28 00000004 T __syscall_lock_acquire
00112e2c 00000004 T __syscall_lock_release
00112e30 00000004 T __syscall_lock_acquire_recursive
00112e34 00000004 T __syscall_lock_release_recursive
00112e38 00000004 T __syscall_exit
00112e3c 00000050 T initThreadVars
00112e8c 00000080 T __system_initSyscalls
00112f0c 00000030 W __appExit
00112f3c 00000090 W __libctru_exit
00112fcc 00000014 t archive_link
00112fe0 00000014 t archive_dirreset
00112ff4 00000014 t archive_chmod
00113008 00000024 t error_cmp
0011302c 00000050 t archive_translate_error
0011307c 000000c8 t archive_seek
00113144 0000007c t _archiveInit.part.0
001131c0 000000c4 t archiveFindDevice.part.0
00113284 0000025c t archive_utf16path
001134e0 000000a0 t _archiveUnmountDeviceStruct.part.0
00113580 00000014 t archive_fchmod
00113594 00000014 t archive_statvfs
001135a8 00000164 t _archiveMountDevice
0011370c 000000e8 t archive_diropen
001137f4 000000a4 t archive_fstat
00113898 0000006c t archive_close
00113904 0000006c t archive_fsync
00113970 00000070 t archive_dirclose
001139e0 000000e8 t sdmc_statvfs
00113ac8 000000ec t archive_chdir
00113bb4 0000007c t archive_ftruncate
00113c30 000000ac t archive_read
00113cdc 000000a4 t archive_unlink
00113d80 000000bc t archive_rmdir
00113e3c 000000dc t archive_mkdir
00113f18 0000019c t archive_stat
001140b4 0000015c t archive_dirnext
00114210 000000ec t archive_write
001142fc 000001d4 t archive_open
001144d0 00000278 t archive_rename
00114748 0000019c T archiveMountSdmc
001148e4 00000054 T archiveUnmountAll
00114938 00000050 T sqrtf
00114988 0000024c T sinf
00114bd8 0000022c T cosf
00114e04 00000024 t with_errnof
00114e28 0000001c T __math_invalidf
00114e44 00000008 T __ieee754_sqrtf
00114e4c 00000120 T __udivmoddi4
00114f6c 00000020 T calloc
00114f8c 000000c0 T _calloc_r
0011504c 00000030 T exit
0011507c 00000018 T malloc
00115094 00000018 T free
001150ac 000007e4 T _malloc_r
00115890 0000000c T __malloc_lock
0011589c 0000000c T __malloc_unlock
001158a8 0000001c T srand
001158c4 00000044 T rand
00115908 000001c4 t _strtoul_l.constprop.0
00115acc 00000030 T _strtoul_r
00115afc 00000034 T strtoul
00115b30 00000020 T memalign
00115b50 0000014c T _memalign_r
00115c9c 00000078 T bsearch
00115d14 00000148 T _fclose_r
00115e5c 00000018 T fclose
00115e74 00000234 T __sflush_r
001160a8 00000094 T _fflush_r
0011613c 0000001c t stdio_exit_handler
00116158 0000005c t cleanup_stdio
001161b4 00000154 t global_stdio_init.part.0
00116308 00000134 T __sfp
0011643c 0000005c T __sinit
00116498 0000000c T __sfp_lock_acquire
001164a4 0000000c T __sfp_lock_release
001164b0 0000012c T _fopen_r
001165dc 00000020 T fopen
001165fc 00000344 T _fread_r
00116940 00000038 T fread
00116978 0000001c T _fseek_r
00116994 00000070 T _fwalk_sglue
00116a04 00000130 T __smakebuf_r
00116b34 0000008c T __swhatbuf_r
00116bc0 00000038 t lflush
00116bf8 0000019c T __srefill_r
00116d94 00000264 T setvbuf
00116ff8 00000074 T sscanf
0011706c 00000044 T __sread
001170b0 00000008 T __seofread
001170b8 00000068 T __swrite
00117120 00000044 T __sseek
00117164 00000008 T __sclose
0011716c 000005a0 T _fseeko_r
0011770c 000000b0 T memcmp
001177bc 000000f4 T memset
001178b0 00000130 T strchr
001179e0 00000090 T strlen
00117a70 000000e4 T strncat
00117b54 000000e4 T strncmp
00117c38 000000c4 T strncpy
00117cfc 00000048 T strnlen
00117d44 0000004c T time
00117d90 0000000c T __errno
00117d9c 00000084 T __libc_init_array
00117e20 0000003c T __libc_fini_array
00117e5c 000000e4 T memchr
00117f40 00000118 T memcpy
00118058 00000110 T __call_exitprocs
00118168 000000f8 T _malloc_trim_r
00118260 000002e8 T _free_r
00118548 00000050 t get_arg
00118598 00002c44 T __ssvfscanf_r
0011b1dc 000000c8 T __sflags
0011b2a4 000000f4 T __sccl
0011b398 00000064 T sprintf
0011b3fc 000000cc T stpncpy
0011b4c8 00000024 T __locale_mb_cur_max
0011b4ec 00000024 T _localeconv_r
0011b510 0000000c T nanf
0011b51c 000002f8 T __utf8_mbtowc
0011b814 00000020 T realloc
0011b834 000004a0 T _realloc_r
0011bcd4 00000064 t sulp
0011bd38 000013a8 T _strtod_l
0011d0e0 00000040 T _strtod_r
0011d120 000001a4 t _strtol_l.part.0
0011d2c4 00000060 T _strtol_r
0011d324 000000f0 T __utf8_wctomb
0011d414 0000022c t _strtoll_l.constprop.0
0011d640 00000030 T _strtoll_r
0011d670 00000244 t _strtoull_l.constprop.0
0011d8b4 00000030 T _strtoull_r
0011d8e4 000000bc T _mbrtowc_r
0011d9a0 00000008 T iswspace
0011d9a8 00000038 T iswspace_l
0011d9e0 000000d4 T _sungetc_r
0011dab4 0000006c T __ssrefill_r
0011db20 000000c4 T _sfread_r
0011dbe4 0000067c t get_arg
0011e260 00003344 T _svfprintf_r
001215a4 000000a8 T __submore
0012164c 00000150 T memmove
001217a0 00000010 T nan
001217b0 00000088 T frexp
00121838 000001b0 t quorem
001219e8 000011f8 T _dtoa_r
00122be0 000000f0 t rshift
00122cd0 00000814 T __gethex
001234e4 0000004c T __match
00123530 0000029c T __hexnan
001237cc 00000088 T _Balloc
00123854 0000001c T _Bfree
00123870 000000f4 T __multadd
00123964 00000110 T __s2b
00123a74 00000060 T __hi0bits
00123ad4 0000009c T __lo0bits
00123b70 000000ac T __i2b
00123c1c 00000204 T __multiply
00123e20 00000128 T __pow5mult
00123f48 00000140 T __lshift
00124088 00000058 T __mcmp
001240e0 000001f0 T __mdiff
001242d0 00000068 T __ulp
00124338 000000d0 T __b2d
00124408 00000120 T __d2b
00124528 00000078 T __ratio
001245a0 00000088 T __copybits
00124628 0000005c T __any_on
00124684 00000094 T _wcrtomb_r
00124718 00000028 T _wcsrtombs_r
00124740 0000008c T category
001247cc 00000188 T __ssprint_r
00124954 0000005c T __assert_func
001249b0 00000188 T _wcsnrtombs_l
00124b38 00000068 T _wcsnrtombs_r
00124ba0 0000003c T fiprintf
00124bdc 0000067c t get_arg
00125258 00000030 T __sprint_r
00125288 0000230c T _vfiprintf_r
00127594 000000b8 t __sbprintf
0012764c 000004b4 T __sfvwrite_r
00127b00 00000134 T __swsetup_r
00127c34 00000014 T abort
00127c48 00000090 T _raise_r
00127cd8 00000018 T raise
00127cf0 00000020 T _exit
00127d10 000001c0 T _concatenate_path
00127ed0 00000140 T chdir
00128010 00000078 T _fstat_r
00128088 00000014 T _getpid_r
0012809c 0000002c T __getreent
001280c8 00000030 T _gettimeofday_r
001280f8 0000008c T __release_handle
00128184 000000b0 T __alloc_handle
00128234 0000003c T __get_handle
00128270 000000f4 T _close_r
00128364 00000008 t null_write
0012836c 00000018 T setDefaultDevice
00128384 000000c8 T FindDevice
0012844c 00000028 T RemoveDevice
00128474 0000009c T AddDevice
00128510 00000020 T GetDeviceOpTab
00128530 00000008 T _isatty_r
00128538 00000014 T _kill_r
0012854c 00000084 T _lseek_r
001285d0 000000c0 T _open_r
00128690 00000080 T _read_r
00128710 00000078 W _sbrk_r
00128788 0000001c T __libc_lock_acquire
001287a4 0000001c T __libc_lock_release
001287c0 0000001c T __libc_lock_acquire_recursive
001287dc 0000001c T __libc_lock_release_recursive
001287f8 00000080 T _write_r
00128878 00000038 T __aeabi_d2lz
00128878 00000038 T __fixdfdi
001288b0 00000040 T __aeabi_d2ulz
001288b0 00000040 T __fixunsdfdi
001288f0 00000048 T strrchr
00128938 T _fini
00129000 00004b00 r mapLayout
0012db4c 00000008 r s_defaultTint.0
0012db58 R render2d_shbin
0012dce4 R render2d_shbin_end
0012dce4 R render2d_shbin_size
0012dce8 00000038 r CSWTCH.19
0012dd20 00000005 r colorFmtSizes
0012dd28 00000004 r depthFmtSizes
0012dd2c 00000010 r CSWTCH.9
0012dd60 00000070 r romFS_devoptab
0012de48 00000070 r dotab_stdout
0012deb8 00000018 r grayScale
0012ded0 00000006 r colorCube
0012ded8 00000030 r colorTable
0012df44 00000008 r morton_y.2
0012df4c 00000008 r morton_x.3
0012df54 00000008 r s_sleepWakeEvents.4
0012df7c R default_font_bin
0012e77c R default_font_bin_end
0012e7a0 00000030 r error_table
0012e7d8 00000070 r archive_devoptab
0012e848 00000060 R __inv_pio4
0012e8a8 000000e0 R __sincosf_table
0012e988 00000101 R _ctype_
0012ea90 00000022 r basefix.0
0012eb08 00000014 r fpinan.0
0012eb1c 00000014 r fpi.1
0012eb30 00000028 r tinytens
0012eb94 00000010 r zeroes.0
0012eba4 00000010 r blanks.1
0012ebc4 r .LC2
0012ec6c 00000100 R __hexdig
0012edb0 0000000c r p05.0
0012edc0 00000028 R __mprec_bigtens
0012ede8 000000c8 R __mprec_tens
0012eeb0 00003528 r categories
001323d8 0000006c R __action_table
00132444 0000006c R __state_table
001324b0 00000100 R __chclass
001325f0 00000010 r zeroes.0
00132600 00000010 r blanks.1
00132610 00000070 R dotab_stdnull
00132680 R __tdata_align
00132684 r __EH_FRAME_BEGIN__
00132684 R __exidx_end
00132684 R __exidx_start
00133000 00000004 d framerate
00133004 00000008 d framerateCounter
0013300c 00000001 d firstConsoleInit.0
00133010 00000004 D currentConsole
00133014 00000048 D defaultConsole
0013305c 00000004 d queueLock
00133060 00000004 d kCount
00133064 00000004 d kInterval
00133068 00000004 d kDelay
0013306c 00000004 d aptChainloadDeliverArgSize
00133070 W __stacksize__
00133074 00000004 D __malloc_sbrk_base
00133078 00000004 D __malloc_trim_threshold
00133080 00000408 D __malloc_av_
00133488 0000000c D __sglue
00133494 00000004 D _impure_ptr
00133498 00000120 D _impure_data
001335b8 0000016c D __global_locale
00133724 00000400 d _current_working_directory
00133b24 00001000 d handles
00134b24 0000000c d __stderr_handle
00134b30 0000000c d __stdout_handle
00134b3c 0000000c d __stdin_handle
00134b48 0000008c D devoptab_list
00134bd4 00000004 d defaultDevice
00134be0 d _GLOBAL_OFFSET_TABLE_
00134bec d __frame_dummy_init_array_entry
00134bec D __init_array_start
00134bec B __preinit_array_end
00134bec B __preinit_array_start
00134bec D __tdata_lma
00134bec D __tdata_lma_end
00134bf0 d __do_global_dtors_aux_fini_array_entry
00134bf0 D __fini_array_start
00134bf0 D __init_array_end
00134bf4 D __bss_start__
00134bf4 D __fini_array_end
00134bf4 00000004 b spriteSheet
00134bf8 00000004 b frame
00134bfc 00000074 b player
00134c70 0000009c b hearts
00134d0c 00000fa0 b screws
00135cac 00000004 b cameraX
00135cb0 00000004 b cameraY
00135cb4 00002080 b groundTiles
00137d34 b completed.1
00137d38 b object.0
00137d50 000005a8 B __C2Di_Context
001382f8 00000040 b s_projBot
00138338 00000040 b s_projTop
00138378 00000004 b uLoc_mdlvMtx
0013837c 00000004 b uLoc_projMtx
00138380 000002d0 B __C3D_Context
00138650 0000000c b hookCookie
00138660 00000010 b cpuTime
00138670 00000004 b firstTarget
00138674 00000008 b frameCounter
0013867c 00000004 b frameEndCb
00138680 00000004 b frameEndCbData
00138688 00000010 b gpuTime
00138698 00000001 b inFrame
00138699 00000001 b inSafeTransfer
0013869a 00000001 b isTopStereo
0013869c 00000004 b lastTarget
001386a0 0000000c b linkedTarget
001386ac 00000001 b measureGpuTime
001386ad 00000001 b needSwapBot
001386ae 00000001 b needSwapTop
001386b0 00000004 B C3D_BoolUnifs
001386b4 00000002 B C3D_BoolUnifsDirty
001386b8 00000c00 B C3D_FVUnif
001392b8 000000c0 B C3D_FVUnifDirty
00139378 00000020 B C3D_IVUnif
00139398 00000008 B C3D_IVUnifDirty
001393a0 000000c0 b C3Di_FVUnifEverDirty
00139460 00000008 b C3Di_IVUnifEverDirty
00139468 00000018 b C3Di_ShaderFVecData
00139480 00000008 b sVramPoolB
00139488 00000008 b sVramPoolA
00139490 0000000c b sAddrMap
001394a0 00000008 b sLinearPool
001394a8 0000000c b sAddrMap
001394b4 00000004 b romfs_mount_list
001394b8 00000004 V __romfs_path
001394bc 00000001 V __ctru_speedup
001394c0 00000048 B currentCopy
00139508 00000004 b screenAlloc
0013950c 00000004 b screenFree
00139510 00000002 b gfxIsDoubleBuf
00139514 00000002 b gfxCurBuf
00139516 00000001 b gfxIsVram
00139517 00000001 b gfxTopMode
00139518 00000002 b gfxFramebufferFormats
0013951c 00000004 b gfxBottomFramebufferMaxSize
00139520 00000004 b gfxTopFramebufferMaxSize
00139528 00000008 b gfxBottomFramebuffers
00139530 00000008 b gfxTopFramebuffers
00139538 00000004 b boundQueue
0013953c 00000001 b shouldStop
0013953d 00000001 b isRunning
0013953e 00000001 b isActive
00139540 00000004 b curQueue
00139544 00000004 B gpuCmdBufOffset
00139548 00000004 B gpuCmdBufSize
0013954c 00000004 B gpuCmdBuf
00139550 00000007 b gspEventCbOneShot
00139558 0000001c b gspEventCbData
00139574 0000001c b gspEventCb
00139590 00000038 b gspEvents
001395c8 00000004 b gspLastEvent
001395cc 00000001 b gspRunEvents
001395d0 00000004 b gspEventThread
001395d4 00000004 b gspEvent
001395d8 00000001 b gspGpuRight
001395d9 00000001 b gspThreadId
001395dc 00000004 b gspSharedMem
001395e0 00000004 b gspSharedMemHandle
001395e4 00000004 b gspRefCount
001395e8 00000004 b gspGpuHandle
001395ec 00000001 b usingIrrst
001395f0 00000004 b hidRefCount
001395f4 00000006 b gRate
001395fc 00000006 b aVec
00139604 00000004 b cPos
00139608 00000004 b tPos
0013960c 00000004 b kRepeat
00139610 00000004 b kUp
00139614 00000004 b kDown
00139618 00000004 b kHeld
0013961c 00000004 b kOld
00139620 00000004 B hidSharedMem
00139624 00000014 B hidEvents
00139638 00000004 B hidMemHandle
0013963c 00000004 B hidHandle
00139640 00000001 b flagValue.0
00139641 00000001 b flagInit.1
00139644 00000004 b serviceName.6
00139648 00000001 b aptChainloadFlags
00139649 00000001 b aptChainloadMediatype
0013964c 00000020 b aptChainloadHmac
0013966c 00000300 b aptChainloadDeliverArg
00139970 00000008 b aptChainloadTid
00139978 00001000 b aptParameters
0013a978 00000004 b aptFlags
0013a97c 00000001 b aptHomeButtonState
0013a980 00000004 b aptMessageFuncData
0013a984 00000004 b aptMessageFunc
0013a988 0000000c b aptFirstHook
0013a994 00000001 b aptEventHandlerThreadQuit
0013a998 00000004 b aptEventHandlerThread
0013a99c 00000008 b aptSleepEvent
0013a9a4 00000008 b aptReceiveEvent
0013a9ac 00000008 b aptEvents
0013a9b4 00000004 b aptLockHandle
0013a9b8 00000004 b aptRefCount
0013a9bc 00000004 b ptmSysmRefCount
0013a9c0 00000004 b ptmSysmHandle
0013a9c8 00000080 b fsExemptArchives
0013aa48 00000004 b fsuRefCount
0013aa4c 00000004 b fsuHandle
0013aa50 00000004 V __ctru_linear_heap_size
0013aa54 00000004 V __ctru_heap_size
0013aa58 00000004 B __ctru_linear_heap
0013aa5c 00000004 B __ctru_heap
0013aa60 00000004 B __system_retAddr
0013aa64 00000004 B __system_argv
0013aa68 00000004 B __system_argc
0013aa6c b saved_stack
0013aa74 00000004 b arbiter
0013aa78 00000004 B __3dslink_host
0013aa7c 00000004 b srvRefCount
0013aa80 00000004 b srvHandle
0013aa84 00000004 b currentAddr
0013aa88 00000004 b maxAddr
0013aa8c 00000004 b minAddr
0013aa90 00000004 b irrstRefCount
0013aa94 00000004 b csPos
0013aa98 00000004 b kHeld
0013aa9c 00000004 B irrstSharedMem
0013aaa0 00000004 B irrstEvent
0013aaa4 00000004 B irrstMemHandle
0013aaa8 00000004 B irrstHandle
0013aaac 00000004 b srvPmHandle
0013aab0 00000540 b archive_devices
0013aff0 00000004 b archive_device_cwd
0013aff4 00000001 b archive_initialized
0013aff8 00000028 B __malloc_current_mallinfo
0013b020 00000004 B __malloc_max_total_mem
0013b024 00000004 B __malloc_max_sbrked_mem
0013b028 00000004 B __malloc_top_pad
0013b02c 0000000c b __malloc_recursive_mutex
0013b038 0000000c b __sfp_recursive_mutex
0013b048 00000168 B __sf
0013b1b0 00000004 B __stdio_exit_handler
0013b1b4 00000004 B __atexit
0013b1b8 0000000c B __atexit_recursive_mutex
0013b1c4 00000400 b temp_cwd
0013b5c4 00000004 b __hndl_lock
0013b5c8 00000004 B fake_heap_start
0013b5cc 00000004 B fake_heap_end
0013b5d0 00000004 b heap_start.0
0013b5d4 B __tls_start
0013c1dc B __bss_end__
0013c1dc A __end__
0013c1dc B __tls_end
